This is pdfTeX, Version 3.141592653-2.6-1.40.27 (TeX Live 2025/Termux) (preloaded format=pdflatex 2025.8.13)  14 SEP 2025 16:42
entering extended mode
 restricted \write18 enabled.
 %&-line parsing enabled.
**main.tex
(./main.tex
LaTeX2e <2025-06-01> patch level 1
L3 programming layer <2025-07-20>

(/data/data/com.termux/files/usr/share/texlive/2025/texmf-dist/tex/latex/beamer
/beamer.cls
Document Class: beamer 2025/08/04 v3.75 A class for typesetting presentations

(/data/data/com.termux/files/usr/share/texlive/2025/texmf-dist/tex/latex/beamer
/beamerbasemodes.sty
(/data/data/com.termux/files/usr/share/texlive/2025/texmf-dist/tex/latex/etoolb
ox/etoolbox.sty
Package: etoolbox 2025/02/11 v2.5l e-TeX tools for LaTeX (JAW)
\etb@tempcnta=\count275
)
\beamer@tempbox=\box53
\beamer@tempcount=\count276
\c@beamerpauses=\count277

(/data/data/com.termux/files/usr/share/texlive/2025/texmf-dist/tex/latex/beamer
/beamerbasedecode.sty
\beamer@slideinframe=\count278
\beamer@minimum=\count279
\beamer@decode@box=\box54
)
\beamer@commentbox=\box55
\beamer@modecount=\count280
)
(/data/data/com.termux/files/usr/share/texlive/2025/texmf-dist/tex/generic/ifte
x/iftex.sty
Package: iftex 2024/12/12 v1.0g TeX engine tests
)
\headdp=\dimen148
\footheight=\dimen149
\sidebarheight=\dimen150
\beamer@tempdim=\dimen151
\beamer@finalheight=\dimen152
\beamer@animht=\dimen153
\beamer@animdp=\dimen154
\beamer@animwd=\dimen155
\beamer@leftmargin=\dimen156
\beamer@rightmargin=\dimen157
\beamer@leftsidebar=\dimen158
\beamer@rightsidebar=\dimen159
\beamer@boxsize=\dimen160
\beamer@vboxoffset=\dimen161
\beamer@descdefault=\dimen162
\beamer@descriptionwidth=\dimen163
\beamer@lastskip=\skip49
\beamer@areabox=\box56
\beamer@animcurrent=\box57
\beamer@animshowbox=\box58
\beamer@sectionbox=\box59
\beamer@logobox=\box60
\beamer@linebox=\box61
\beamer@sectioncount=\count281
\beamer@subsubsectionmax=\count282
\beamer@subsectionmax=\count283
\beamer@sectionmax=\count284
\beamer@totalheads=\count285
\beamer@headcounter=\count286
\beamer@partstartpage=\count287
\beamer@sectionstartpage=\count288
\beamer@subsectionstartpage=\count289
\beamer@animationtempa=\count290
\beamer@animationtempb=\count291
\beamer@xpos=\count292
\beamer@ypos=\count293
\beamer@ypos@offset=\count294
\beamer@showpartnumber=\count295
\beamer@currentsubsection=\count296
\beamer@coveringdepth=\count297
\beamer@sectionadjust=\count298
\beamer@toclastsection=\count299
\beamer@tocsectionnumber=\count300

(/data/data/com.termux/files/usr/share/texlive/2025/texmf-dist/tex/latex/beamer
/beamerbaseoptions.sty
(/data/data/com.termux/files/usr/share/texlive/2025/texmf-dist/tex/latex/graphi
cs/keyval.sty
Package: keyval 2022/05/29 v1.15 key=value parser (DPC)
\KV@toks@=\toks17
))
\beamer@paperwidth=\skip50
\beamer@paperheight=\skip51

(/data/data/com.termux/files/usr/share/texlive/2025/texmf-dist/tex/latex/geomet
ry/geometry.sty
Package: geometry 2020/01/02 v5.9 Page Geometry

(/data/data/com.termux/files/usr/share/texlive/2025/texmf-dist/tex/generic/ifte
x/ifvtex.sty
Package: ifvtex 2019/10/25 v1.7 ifvtex legacy package. Use iftex instead.
)
\Gm@cnth=\count301
\Gm@cntv=\count302
\c@Gm@tempcnt=\count303
\Gm@bindingoffset=\dimen164
\Gm@wd@mp=\dimen165
\Gm@odd@mp=\dimen166
\Gm@even@mp=\dimen167
\Gm@layoutwidth=\dimen168
\Gm@layoutheight=\dimen169
\Gm@layouthoffset=\dimen170
\Gm@layoutvoffset=\dimen171
\Gm@dimlist=\toks18
)
(/data/data/com.termux/files/usr/share/texlive/2025/texmf-dist/tex/latex/pgf/ma
th/pgfmath.sty
(/data/data/com.termux/files/usr/share/texlive/2025/texmf-dist/tex/latex/pgf/ut
ilities/pgfrcs.sty
(/data/data/com.termux/files/usr/share/texlive/2025/texmf-dist/tex/generic/pgf/
utilities/pgfutil-common.tex
\pgfutil@everybye=\toks19
\pgfutil@tempdima=\dimen172
\pgfutil@tempdimb=\dimen173
)
(/data/data/com.termux/files/usr/share/texlive/2025/texmf-dist/tex/generic/pgf/
utilities/pgfutil-latex.def
\pgfutil@abb=\box62
)
(/data/data/com.termux/files/usr/share/texlive/2025/texmf-dist/tex/generic/pgf/
utilities/pgfrcs.code.tex
(/data/data/com.termux/files/usr/share/texlive/2025/texmf-dist/tex/generic/pgf/
pgf.revision.tex)
Package: pgfrcs 2023-01-15 v3.1.10 (3.1.10)
))
(/data/data/com.termux/files/usr/share/texlive/2025/texmf-dist/tex/latex/pgf/ut
ilities/pgfkeys.sty
(/data/data/com.termux/files/usr/share/texlive/2025/texmf-dist/tex/generic/pgf/
utilities/pgfkeys.code.tex
\pgfkeys@pathtoks=\toks20
\pgfkeys@temptoks=\toks21

(/data/data/com.termux/files/usr/share/texlive/2025/texmf-dist/tex/generic/pgf/
utilities/pgfkeyslibraryfiltered.code.tex
\pgfkeys@tmptoks=\toks22
)))
(/data/data/com.termux/files/usr/share/texlive/2025/texmf-dist/tex/generic/pgf/
math/pgfmath.code.tex
(/data/data/com.termux/files/usr/share/texlive/2025/texmf-dist/tex/generic/pgf/
math/pgfmathutil.code.tex
\pgf@x=\dimen174
\pgf@xa=\dimen175
\pgf@xb=\dimen176
\pgf@xc=\dimen177
\pgf@y=\dimen178
\pgf@ya=\dimen179
\pgf@yb=\dimen180
\pgf@yc=\dimen181
\c@pgf@counta=\count304
\c@pgf@countb=\count305
\c@pgf@countc=\count306
\c@pgf@countd=\count307
)
(/data/data/com.termux/files/usr/share/texlive/2025/texmf-dist/tex/generic/pgf/
math/pgfmathparser.code.tex
\pgfmath@dimen=\dimen182
\pgfmath@count=\count308
\pgfmath@box=\box63
\pgfmath@toks=\toks23
\pgfmath@stack@operand=\toks24
\pgfmath@stack@operation=\toks25
)
(/data/data/com.termux/files/usr/share/texlive/2025/texmf-dist/tex/generic/pgf/
math/pgfmathfunctions.code.tex)
(/data/data/com.termux/files/usr/share/texlive/2025/texmf-dist/tex/generic/pgf/
math/pgfmathfunctions.basic.code.tex)
(/data/data/com.termux/files/usr/share/texlive/2025/texmf-dist/tex/generic/pgf/
math/pgfmathfunctions.trigonometric.code.tex)
(/data/data/com.termux/files/usr/share/texlive/2025/texmf-dist/tex/generic/pgf/
math/pgfmathfunctions.random.code.tex)
(/data/data/com.termux/files/usr/share/texlive/2025/texmf-dist/tex/generic/pgf/
math/pgfmathfunctions.comparison.code.tex)
(/data/data/com.termux/files/usr/share/texlive/2025/texmf-dist/tex/generic/pgf/
math/pgfmathfunctions.base.code.tex)
(/data/data/com.termux/files/usr/share/texlive/2025/texmf-dist/tex/generic/pgf/
math/pgfmathfunctions.round.code.tex)
(/data/data/com.termux/files/usr/share/texlive/2025/texmf-dist/tex/generic/pgf/
math/pgfmathfunctions.misc.code.tex)
(/data/data/com.termux/files/usr/share/texlive/2025/texmf-dist/tex/generic/pgf/
math/pgfmathfunctions.integerarithmetics.code.tex)
(/data/data/com.termux/files/usr/share/texlive/2025/texmf-dist/tex/generic/pgf/
math/pgfmathcalc.code.tex)
(/data/data/com.termux/files/usr/share/texlive/2025/texmf-dist/tex/generic/pgf/
math/pgfmathfloat.code.tex
\c@pgfmathroundto@lastzeros=\count309
)))
(/data/data/com.termux/files/usr/share/texlive/2025/texmf-dist/tex/latex/base/s
ize11.clo
File: size11.clo 2025/01/22 v1.4n Standard LaTeX file (size option)
)
(/data/data/com.termux/files/usr/share/texlive/2025/texmf-dist/tex/latex/pgf/ba
siclayer/pgfcore.sty
(/data/data/com.termux/files/usr/share/texlive/2025/texmf-dist/tex/latex/graphi
cs/graphicx.sty
Package: graphicx 2024/12/31 v1.2e Enhanced LaTeX Graphics (DPC,SPQR)

(/data/data/com.termux/files/usr/share/texlive/2025/texmf-dist/tex/latex/graphi
cs/graphics.sty
Package: graphics 2024/08/06 v1.4g Standard LaTeX Graphics (DPC,SPQR)

(/data/data/com.termux/files/usr/share/texlive/2025/texmf-dist/tex/latex/graphi
cs/trig.sty
Package: trig 2023/12/02 v1.11 sin cos tan (DPC)
)
(/data/data/com.termux/files/usr/share/texlive/2025/texmf-dist/tex/latex/graphi
cs-cfg/graphics.cfg
File: graphics.cfg 2016/06/04 v1.11 sample graphics configuration
)
Package graphics Info: Driver file: pdftex.def on input line 106.

(/data/data/com.termux/files/usr/share/texlive/2025/texmf-dist/tex/latex/graphi
cs-def/pdftex.def
File: pdftex.def 2024/04/13 v1.2c Graphics/color driver for pdftex
))
\Gin@req@height=\dimen183
\Gin@req@width=\dimen184
)
(/data/data/com.termux/files/usr/share/texlive/2025/texmf-dist/tex/latex/pgf/sy
stemlayer/pgfsys.sty
(/data/data/com.termux/files/usr/share/texlive/2025/texmf-dist/tex/generic/pgf/
systemlayer/pgfsys.code.tex
Package: pgfsys 2023-01-15 v3.1.10 (3.1.10)
\pgf@x=\dimen185
\pgf@y=\dimen186
\pgf@xa=\dimen187
\pgf@ya=\dimen188
\pgf@xb=\dimen189
\pgf@yb=\dimen190
\pgf@xc=\dimen191
\pgf@yc=\dimen192
\pgf@xd=\dimen193
\pgf@yd=\dimen194
\w@pgf@writea=\write3
\r@pgf@reada=\read2
\c@pgf@counta=\count310
\c@pgf@countb=\count311
\c@pgf@countc=\count312
\c@pgf@countd=\count313
\t@pgf@toka=\toks26
\t@pgf@tokb=\toks27
\t@pgf@tokc=\toks28
\pgf@sys@id@count=\count314

(/data/data/com.termux/files/usr/share/texlive/2025/texmf-dist/tex/generic/pgf/
systemlayer/pgf.cfg
File: pgf.cfg 2023-01-15 v3.1.10 (3.1.10)
)
Driver file for pgf: pgfsys-pdftex.def

(/data/data/com.termux/files/usr/share/texlive/2025/texmf-dist/tex/generic/pgf/
systemlayer/pgfsys-pdftex.def
File: pgfsys-pdftex.def 2023-01-15 v3.1.10 (3.1.10)

(/data/data/com.termux/files/usr/share/texlive/2025/texmf-dist/tex/generic/pgf/
systemlayer/pgfsys-common-pdf.def
File: pgfsys-common-pdf.def 2023-01-15 v3.1.10 (3.1.10)
)))
(/data/data/com.termux/files/usr/share/texlive/2025/texmf-dist/tex/generic/pgf/
systemlayer/pgfsyssoftpath.code.tex
File: pgfsyssoftpath.code.tex 2023-01-15 v3.1.10 (3.1.10)
\pgfsyssoftpath@smallbuffer@items=\count315
\pgfsyssoftpath@bigbuffer@items=\count316
)
(/data/data/com.termux/files/usr/share/texlive/2025/texmf-dist/tex/generic/pgf/
systemlayer/pgfsysprotocol.code.tex
File: pgfsysprotocol.code.tex 2023-01-15 v3.1.10 (3.1.10)
))
(/data/data/com.termux/files/usr/share/texlive/2025/texmf-dist/tex/latex/xcolor
/xcolor.sty
Package: xcolor 2024/09/29 v3.02 LaTeX color extensions (UK)

(/data/data/com.termux/files/usr/share/texlive/2025/texmf-dist/tex/latex/graphi
cs-cfg/color.cfg
File: color.cfg 2016/01/02 v1.6 sample color configuration
)
Package xcolor Info: Driver file: pdftex.def on input line 274.

(/data/data/com.termux/files/usr/share/texlive/2025/texmf-dist/tex/latex/graphi
cs/mathcolor.ltx)
Package xcolor Info: Model `cmy' substituted by `cmy0' on input line 1349.
Package xcolor Info: Model `hsb' substituted by `rgb' on input line 1353.
Package xcolor Info: Model `RGB' extended on input line 1365.
Package xcolor Info: Model `HTML' substituted by `rgb' on input line 1367.
Package xcolor Info: Model `Hsb' substituted by `hsb' on input line 1368.
Package xcolor Info: Model `tHsb' substituted by `hsb' on input line 1369.
Package xcolor Info: Model `HSB' substituted by `hsb' on input line 1370.
Package xcolor Info: Model `Gray' substituted by `gray' on input line 1371.
Package xcolor Info: Model `wave' substituted by `hsb' on input line 1372.
)
(/data/data/com.termux/files/usr/share/texlive/2025/texmf-dist/tex/generic/pgf/
basiclayer/pgfcore.code.tex
Package: pgfcore 2023-01-15 v3.1.10 (3.1.10)

(/data/data/com.termux/files/usr/share/texlive/2025/texmf-dist/tex/generic/pgf/
math/pgfint.code.tex)
(/data/data/com.termux/files/usr/share/texlive/2025/texmf-dist/tex/generic/pgf/
basiclayer/pgfcorepoints.code.tex
File: pgfcorepoints.code.tex 2023-01-15 v3.1.10 (3.1.10)
\pgf@picminx=\dimen195
\pgf@picmaxx=\dimen196
\pgf@picminy=\dimen197
\pgf@picmaxy=\dimen198
\pgf@pathminx=\dimen199
\pgf@pathmaxx=\dimen256
\pgf@pathminy=\dimen257
\pgf@pathmaxy=\dimen258
\pgf@xx=\dimen259
\pgf@xy=\dimen260
\pgf@yx=\dimen261
\pgf@yy=\dimen262
\pgf@zx=\dimen263
\pgf@zy=\dimen264
)
(/data/data/com.termux/files/usr/share/texlive/2025/texmf-dist/tex/generic/pgf/
basiclayer/pgfcorepathconstruct.code.tex
File: pgfcorepathconstruct.code.tex 2023-01-15 v3.1.10 (3.1.10)
\pgf@path@lastx=\dimen265
\pgf@path@lasty=\dimen266
)
(/data/data/com.termux/files/usr/share/texlive/2025/texmf-dist/tex/generic/pgf/
basiclayer/pgfcorepathusage.code.tex
File: pgfcorepathusage.code.tex 2023-01-15 v3.1.10 (3.1.10)
\pgf@shorten@end@additional=\dimen267
\pgf@shorten@start@additional=\dimen268
)
(/data/data/com.termux/files/usr/share/texlive/2025/texmf-dist/tex/generic/pgf/
basiclayer/pgfcorescopes.code.tex
File: pgfcorescopes.code.tex 2023-01-15 v3.1.10 (3.1.10)
\pgfpic=\box64
\pgf@hbox=\box65
\pgf@layerbox@main=\box66
\pgf@picture@serial@count=\count317
)
(/data/data/com.termux/files/usr/share/texlive/2025/texmf-dist/tex/generic/pgf/
basiclayer/pgfcoregraphicstate.code.tex
File: pgfcoregraphicstate.code.tex 2023-01-15 v3.1.10 (3.1.10)
\pgflinewidth=\dimen269
)
(/data/data/com.termux/files/usr/share/texlive/2025/texmf-dist/tex/generic/pgf/
basiclayer/pgfcoretransformations.code.tex
File: pgfcoretransformations.code.tex 2023-01-15 v3.1.10 (3.1.10)
\pgf@pt@x=\dimen270
\pgf@pt@y=\dimen271
\pgf@pt@temp=\dimen272
)
(/data/data/com.termux/files/usr/share/texlive/2025/texmf-dist/tex/generic/pgf/
basiclayer/pgfcorequick.code.tex
File: pgfcorequick.code.tex 2023-01-15 v3.1.10 (3.1.10)
)
(/data/data/com.termux/files/usr/share/texlive/2025/texmf-dist/tex/generic/pgf/
basiclayer/pgfcoreobjects.code.tex
File: pgfcoreobjects.code.tex 2023-01-15 v3.1.10 (3.1.10)
)
(/data/data/com.termux/files/usr/share/texlive/2025/texmf-dist/tex/generic/pgf/
basiclayer/pgfcorepathprocessing.code.tex
File: pgfcorepathprocessing.code.tex 2023-01-15 v3.1.10 (3.1.10)
)
(/data/data/com.termux/files/usr/share/texlive/2025/texmf-dist/tex/generic/pgf/
basiclayer/pgfcorearrows.code.tex
File: pgfcorearrows.code.tex 2023-01-15 v3.1.10 (3.1.10)
\pgfarrowsep=\dimen273
)
(/data/data/com.termux/files/usr/share/texlive/2025/texmf-dist/tex/generic/pgf/
basiclayer/pgfcoreshade.code.tex
File: pgfcoreshade.code.tex 2023-01-15 v3.1.10 (3.1.10)
\pgf@max=\dimen274
\pgf@sys@shading@range@num=\count318
\pgf@shadingcount=\count319
)
(/data/data/com.termux/files/usr/share/texlive/2025/texmf-dist/tex/generic/pgf/
basiclayer/pgfcoreimage.code.tex
File: pgfcoreimage.code.tex 2023-01-15 v3.1.10 (3.1.10)
)
(/data/data/com.termux/files/usr/share/texlive/2025/texmf-dist/tex/generic/pgf/
basiclayer/pgfcoreexternal.code.tex
File: pgfcoreexternal.code.tex 2023-01-15 v3.1.10 (3.1.10)
\pgfexternal@startupbox=\box67
)
(/data/data/com.termux/files/usr/share/texlive/2025/texmf-dist/tex/generic/pgf/
basiclayer/pgfcorelayers.code.tex
File: pgfcorelayers.code.tex 2023-01-15 v3.1.10 (3.1.10)
)
(/data/data/com.termux/files/usr/share/texlive/2025/texmf-dist/tex/generic/pgf/
basiclayer/pgfcoretransparency.code.tex
File: pgfcoretransparency.code.tex 2023-01-15 v3.1.10 (3.1.10)
)
(/data/data/com.termux/files/usr/share/texlive/2025/texmf-dist/tex/generic/pgf/
basiclayer/pgfcorepatterns.code.tex
File: pgfcorepatterns.code.tex 2023-01-15 v3.1.10 (3.1.10)
)
(/data/data/com.termux/files/usr/share/texlive/2025/texmf-dist/tex/generic/pgf/
basiclayer/pgfcorerdf.code.tex
File: pgfcorerdf.code.tex 2023-01-15 v3.1.10 (3.1.10)
)))
(/data/data/com.termux/files/usr/share/texlive/2025/texmf-dist/tex/latex/pgf/ut
ilities/xxcolor.sty
Package: xxcolor 2003/10/24 ver 0.1
\XC@nummixins=\count320
\XC@countmixins=\count321
)
(/data/data/com.termux/files/usr/share/texlive/2025/texmf-dist/tex/latex/base/a
tbegshi-ltx.sty
Package: atbegshi-ltx 2021/01/10 v1.0c Emulation of the original atbegshi
package with kernel methods
)
(/data/data/com.termux/files/usr/share/texlive/2025/texmf-dist/tex/latex/hyperr
ef/hyperref.sty
Package: hyperref 2025-07-12 v7.01o Hypertext links for LaTeX

(/data/data/com.termux/files/usr/share/texlive/2025/texmf-dist/tex/latex/kvsetk
eys/kvsetkeys.sty
Package: kvsetkeys 2022-10-05 v1.19 Key value parser (HO)
)
(/data/data/com.termux/files/usr/share/texlive/2025/texmf-dist/tex/generic/kvde
finekeys/kvdefinekeys.sty
Package: kvdefinekeys 2019-12-19 v1.6 Define keys (HO)
)
(/data/data/com.termux/files/usr/share/texlive/2025/texmf-dist/tex/generic/pdfe
scape/pdfescape.sty
Package: pdfescape 2019/12/09 v1.15 Implements pdfTeX's escape features (HO)

(/data/data/com.termux/files/usr/share/texlive/2025/texmf-dist/tex/generic/ltxc
mds/ltxcmds.sty
Package: ltxcmds 2023-12-04 v1.26 LaTeX kernel commands for general use (HO)
)
(/data/data/com.termux/files/usr/share/texlive/2025/texmf-dist/tex/generic/pdft
excmds/pdftexcmds.sty
Package: pdftexcmds 2020-06-27 v0.33 Utility functions of pdfTeX for LuaTeX (HO
)

(/data/data/com.termux/files/usr/share/texlive/2025/texmf-dist/tex/generic/infw
arerr/infwarerr.sty
Package: infwarerr 2019/12/03 v1.5 Providing info/warning/error messages (HO)
)
Package pdftexcmds Info: \pdf@primitive is available.
Package pdftexcmds Info: \pdf@ifprimitive is available.
Package pdftexcmds Info: \pdfdraftmode found.
))
(/data/data/com.termux/files/usr/share/texlive/2025/texmf-dist/tex/latex/hycolo
r/hycolor.sty
Package: hycolor 2020-01-27 v1.10 Color options for hyperref/bookmark (HO)
)
(/data/data/com.termux/files/usr/share/texlive/2025/texmf-dist/tex/latex/hyperr
ef/nameref.sty
Package: nameref 2025-06-21 v2.57 Cross-referencing by name of section

(/data/data/com.termux/files/usr/share/texlive/2025/texmf-dist/tex/latex/refcou
nt/refcount.sty
Package: refcount 2019/12/15 v3.6 Data extraction from label references (HO)
)
(/data/data/com.termux/files/usr/share/texlive/2025/texmf-dist/tex/generic/gett
itlestring/gettitlestring.sty
Package: gettitlestring 2019/12/15 v1.6 Cleanup title references (HO)

(/data/data/com.termux/files/usr/share/texlive/2025/texmf-dist/tex/latex/kvopti
ons/kvoptions.sty
Package: kvoptions 2022-06-15 v3.15 Key value format for package options (HO)
))
\c@section@level=\count322
)
(/data/data/com.termux/files/usr/share/texlive/2025/texmf-dist/tex/generic/stri
ngenc/stringenc.sty
Package: stringenc 2019/11/29 v1.12 Convert strings between diff. encodings (HO
)
)
\@linkdim=\dimen275
\Hy@linkcounter=\count323
\Hy@pagecounter=\count324

(/data/data/com.termux/files/usr/share/texlive/2025/texmf-dist/tex/latex/hyperr
ef/pd1enc.def
File: pd1enc.def 2025-07-12 v7.01o Hyperref: PDFDocEncoding definition (HO)
Now handling font encoding PD1 ...
... no UTF-8 mapping file for font encoding PD1
)
(/data/data/com.termux/files/usr/share/texlive/2025/texmf-dist/tex/generic/intc
alc/intcalc.sty
Package: intcalc 2019/12/15 v1.3 Expandable calculations with integers (HO)
)
\Hy@SavedSpaceFactor=\count325

(/data/data/com.termux/files/usr/share/texlive/2025/texmf-dist/tex/latex/hyperr
ef/puenc.def
File: puenc.def 2025-07-12 v7.01o Hyperref: PDF Unicode definition (HO)
Now handling font encoding PU ...
... no UTF-8 mapping file for font encoding PU
)
Package hyperref Info: Option `bookmarks' set `true' on input line 4066.
Package hyperref Info: Option `bookmarksopen' set `true' on input line 4066.
Package hyperref Info: Option `implicit' set `false' on input line 4066.
Package hyperref Info: Hyper figures OFF on input line 4195.
Package hyperref Info: Link nesting OFF on input line 4200.
Package hyperref Info: Hyper index ON on input line 4203.
Package hyperref Info: Plain pages OFF on input line 4210.
Package hyperref Info: Backreferencing OFF on input line 4215.
Package hyperref Info: Implicit mode OFF; no redefinition of LaTeX internals.
Package hyperref Info: Bookmarks ON on input line 4462.
\c@Hy@tempcnt=\count326

(/data/data/com.termux/files/usr/share/texlive/2025/texmf-dist/tex/latex/url/ur
l.sty
\Urlmuskip=\muskip17
Package: url 2013/09/16  ver 3.4  Verb mode for urls, etc.
)
LaTeX Info: Redefining \url on input line 4801.
\XeTeXLinkMargin=\dimen276

(/data/data/com.termux/files/usr/share/texlive/2025/texmf-dist/tex/generic/bits
et/bitset.sty
Package: bitset 2019/12/09 v1.3 Handle bit-vector datatype (HO)

(/data/data/com.termux/files/usr/share/texlive/2025/texmf-dist/tex/generic/bigi
ntcalc/bigintcalc.sty
Package: bigintcalc 2019/12/15 v1.5 Expandable calculations on big integers (HO
)
))
\Fld@menulength=\count327
\Field@Width=\dimen277
\Fld@charsize=\dimen278
Package hyperref Info: Hyper figures OFF on input line 6078.
Package hyperref Info: Link nesting OFF on input line 6083.
Package hyperref Info: Hyper index ON on input line 6086.
Package hyperref Info: backreferencing OFF on input line 6093.
Package hyperref Info: Link coloring OFF on input line 6098.
Package hyperref Info: Link coloring with OCG OFF on input line 6103.
Package hyperref Info: PDF/A mode OFF on input line 6108.
\Hy@abspage=\count328


Package hyperref Message: Stopped early.

)
Package hyperref Info: Driver (autodetected): hpdftex.

(/data/data/com.termux/files/usr/share/texlive/2025/texmf-dist/tex/latex/hyperr
ef/hpdftex.def
File: hpdftex.def 2025-07-12 v7.01o Hyperref driver for pdfTeX
\Fld@listcount=\count329
\c@bookmark@seq@number=\count330

(/data/data/com.termux/files/usr/share/texlive/2025/texmf-dist/tex/latex/rerunf
ilecheck/rerunfilecheck.sty
Package: rerunfilecheck 2025-06-21 v1.11 Rerun checks for auxiliary files (HO)

(/data/data/com.termux/files/usr/share/texlive/2025/texmf-dist/tex/generic/uniq
uecounter/uniquecounter.sty
Package: uniquecounter 2019/12/15 v1.4 Provide unlimited unique counter (HO)
)
Package uniquecounter Info: New unique counter `rerunfilecheck' on input line 2
84.
))
(/data/data/com.termux/files/usr/share/texlive/2025/texmf-dist/tex/latex/beamer
/beamerbaserequires.sty
(/data/data/com.termux/files/usr/share/texlive/2025/texmf-dist/tex/latex/beamer
/beamerbasecompatibility.sty)
(/data/data/com.termux/files/usr/share/texlive/2025/texmf-dist/tex/latex/beamer
/beamerbasefont.sty
(/data/data/com.termux/files/usr/share/texlive/2025/texmf-dist/tex/latex/amsfon
ts/amssymb.sty
Package: amssymb 2013/01/14 v3.01 AMS font symbols

(/data/data/com.termux/files/usr/share/texlive/2025/texmf-dist/tex/latex/amsfon
ts/amsfonts.sty
Package: amsfonts 2013/01/14 v3.01 Basic AMSFonts support
\@emptytoks=\toks29
\symAMSa=\mathgroup4
\symAMSb=\mathgroup5
LaTeX Font Info:    Redeclaring math symbol \hbar on input line 98.
LaTeX Font Info:    Overwriting math alphabet `\mathfrak' in version `bold'
(Font)                  U/euf/m/n --> U/euf/b/n on input line 106.
))
(/data/data/com.termux/files/usr/share/texlive/2025/texmf-dist/tex/latex/sansma
thaccent/sansmathaccent.sty
Package: sansmathaccent 2020/01/31

(/data/data/com.termux/files/usr/share/texlive/2025/texmf-dist/tex/latex/koma-s
cript/scrlfile.sty
Package: scrlfile 2025/06/04 v3.45 KOMA-Script package (file load hooks)

(/data/data/com.termux/files/usr/share/texlive/2025/texmf-dist/tex/latex/koma-s
cript/scrlfile-hook.sty
Package: scrlfile-hook 2025/06/04 v3.45 KOMA-Script package (using LaTeX hooks)


(/data/data/com.termux/files/usr/share/texlive/2025/texmf-dist/tex/latex/koma-s
cript/scrlogo.sty
Package: scrlogo 2025/06/04 v3.45 KOMA-Script package (logo)
)))))
(/data/data/com.termux/files/usr/share/texlive/2025/texmf-dist/tex/latex/beamer
/beamerbasetranslator.sty
(/data/data/com.termux/files/usr/share/texlive/2025/texmf-dist/tex/latex/transl
ator/translator.sty
Package: translator 2021-05-31 v1.12d Easy translation of strings in LaTeX
))
(/data/data/com.termux/files/usr/share/texlive/2025/texmf-dist/tex/latex/beamer
/beamerbasemisc.sty)
(/data/data/com.termux/files/usr/share/texlive/2025/texmf-dist/tex/latex/beamer
/beamerbasetwoscreens.sty)
(/data/data/com.termux/files/usr/share/texlive/2025/texmf-dist/tex/latex/beamer
/beamerbaseoverlay.sty
\beamer@argscount=\count331
\beamer@lastskipcover=\skip52
\beamer@trivlistdepth=\count332
)
(/data/data/com.termux/files/usr/share/texlive/2025/texmf-dist/tex/latex/beamer
/beamerbasetitle.sty)
(/data/data/com.termux/files/usr/share/texlive/2025/texmf-dist/tex/latex/beamer
/beamerbasesection.sty
\c@lecture=\count333
\c@part=\count334
\c@section=\count335
\c@subsection=\count336
\c@subsubsection=\count337
)
(/data/data/com.termux/files/usr/share/texlive/2025/texmf-dist/tex/latex/beamer
/beamerbaseframe.sty
\beamer@framebox=\box68
\beamer@frametitlebox=\box69
\beamer@zoombox=\box70
\beamer@zoomcount=\count338
\beamer@zoomframecount=\count339
\beamer@frametextheight=\dimen279
\c@subsectionslide=\count340
\beamer@frametopskip=\skip53
\beamer@framebottomskip=\skip54
\beamer@frametopskipautobreak=\skip55
\beamer@framebottomskipautobreak=\skip56
\beamer@envbody=\toks30
\framewidth=\dimen280
\c@framenumber=\count341
)
(/data/data/com.termux/files/usr/share/texlive/2025/texmf-dist/tex/latex/beamer
/beamerbaseverbatim.sty
\beamer@verbatimfileout=\write4
)
(/data/data/com.termux/files/usr/share/texlive/2025/texmf-dist/tex/latex/beamer
/beamerbaseframesize.sty
\beamer@splitbox=\box71
\beamer@autobreakcount=\count342
\beamer@autobreaklastheight=\dimen281
\beamer@frametitletoks=\toks31
\beamer@framesubtitletoks=\toks32
)
(/data/data/com.termux/files/usr/share/texlive/2025/texmf-dist/tex/latex/beamer
/beamerbaseframecomponents.sty
\beamer@colheight=\skip57
\beamer@footins=\box72
)
(/data/data/com.termux/files/usr/share/texlive/2025/texmf-dist/tex/latex/beamer
/beamerbasecolor.sty)
(/data/data/com.termux/files/usr/share/texlive/2025/texmf-dist/tex/latex/beamer
/beamerbasenotes.sty
\beamer@frameboxcopy=\box73
)
(/data/data/com.termux/files/usr/share/texlive/2025/texmf-dist/tex/latex/beamer
/beamerbasetoc.sty)
(/data/data/com.termux/files/usr/share/texlive/2025/texmf-dist/tex/latex/beamer
/beamerbasetemplates.sty
\beamer@sbttoks=\toks33

(/data/data/com.termux/files/usr/share/texlive/2025/texmf-dist/tex/latex/beamer
/beamerbaseauxtemplates.sty
(/data/data/com.termux/files/usr/share/texlive/2025/texmf-dist/tex/latex/beamer
/beamerbaseboxes.sty
\bmb@box=\box74
\bmb@colorbox=\box75
\bmb@boxwidth=\dimen282
\bmb@boxheight=\dimen283
\bmb@prevheight=\dimen284
\bmb@temp=\dimen285
\bmb@dima=\dimen286
\bmb@dimb=\dimen287
\bmb@prevheight=\dimen288
)
\beamer@blockheadheight=\dimen289
))
(/data/data/com.termux/files/usr/share/texlive/2025/texmf-dist/tex/latex/beamer
/beamerbaselocalstructure.sty
(/data/data/com.termux/files/usr/share/texlive/2025/texmf-dist/tex/latex/tools/
enumerate.sty
Package: enumerate 2023/07/04 v3.00 enumerate extensions (DPC)
\@enLab=\toks34
)
\beamer@bibiconwidth=\skip58
\c@figure=\count343
\c@table=\count344
\abovecaptionskip=\skip59
\belowcaptionskip=\skip60
)
(/data/data/com.termux/files/usr/share/texlive/2025/texmf-dist/tex/latex/beamer
/beamerbasenavigation.sty
(/data/data/com.termux/files/usr/share/texlive/2025/texmf-dist/tex/latex/beamer
/beamerbasenavigationsymbols.tex)
\beamer@section@min@dim=\dimen290
)
(/data/data/com.termux/files/usr/share/texlive/2025/texmf-dist/tex/latex/beamer
/beamerbasetheorems.sty
(/data/data/com.termux/files/usr/share/texlive/2025/texmf-dist/tex/latex/amsmat
h/amsmath.sty
Package: amsmath 2025/06/16 v2.17y AMS math features
\@mathmargin=\skip61

For additional information on amsmath, use the `?' option.

(/data/data/com.termux/files/usr/share/texlive/2025/texmf-dist/tex/latex/amsmat
h/amstext.sty
Package: amstext 2024/11/17 v2.01 AMS text

(/data/data/com.termux/files/usr/share/texlive/2025/texmf-dist/tex/latex/amsmat
h/amsgen.sty
File: amsgen.sty 1999/11/30 v2.0 generic functions
\@emptytoks=\toks35
\ex@=\dimen291
))
(/data/data/com.termux/files/usr/share/texlive/2025/texmf-dist/tex/latex/amsmat
h/amsbsy.sty
Package: amsbsy 1999/11/29 v1.2d Bold Symbols
\pmbraise@=\dimen292
)
(/data/data/com.termux/files/usr/share/texlive/2025/texmf-dist/tex/latex/amsmat
h/amsopn.sty
Package: amsopn 2022/04/08 v2.04 operator names
)
\inf@bad=\count345
LaTeX Info: Redefining \frac on input line 233.
\uproot@=\count346
\leftroot@=\count347
LaTeX Info: Redefining \overline on input line 398.
LaTeX Info: Redefining \colon on input line 409.
\classnum@=\count348
\DOTSCASE@=\count349
LaTeX Info: Redefining \ldots on input line 495.
LaTeX Info: Redefining \dots on input line 498.
LaTeX Info: Redefining \cdots on input line 619.
\Mathstrutbox@=\box76
\strutbox@=\box77
LaTeX Info: Redefining \big on input line 721.
LaTeX Info: Redefining \Big on input line 722.
LaTeX Info: Redefining \bigg on input line 723.
LaTeX Info: Redefining \Bigg on input line 724.
\big@size=\dimen293
LaTeX Font Info:    Redeclaring font encoding OML on input line 742.
LaTeX Font Info:    Redeclaring font encoding OMS on input line 743.
\macc@depth=\count350
LaTeX Info: Redefining \bmod on input line 904.
LaTeX Info: Redefining \pmod on input line 909.
LaTeX Info: Redefining \smash on input line 939.
LaTeX Info: Redefining \relbar on input line 969.
LaTeX Info: Redefining \Relbar on input line 970.
\c@MaxMatrixCols=\count351
\dotsspace@=\muskip18
\c@parentequation=\count352
\dspbrk@lvl=\count353
\tag@help=\toks36
\row@=\count354
\column@=\count355
\maxfields@=\count356
\andhelp@=\toks37
\eqnshift@=\dimen294
\alignsep@=\dimen295
\tagshift@=\dimen296
\tagwidth@=\dimen297
\totwidth@=\dimen298
\lineht@=\dimen299
\@envbody=\toks38
\multlinegap=\skip62
\multlinetaggap=\skip63
\mathdisplay@stack=\toks39
LaTeX Info: Redefining \[ on input line 2949.
LaTeX Info: Redefining \] on input line 2950.
)
(/data/data/com.termux/files/usr/share/texlive/2025/texmf-dist/tex/latex/amscls
/amsthm.sty
Package: amsthm 2020/05/29 v2.20.6
\thm@style=\toks40
\thm@bodyfont=\toks41
\thm@headfont=\toks42
\thm@notefont=\toks43
\thm@headpunct=\toks44
\thm@preskip=\skip64
\thm@postskip=\skip65
\thm@headsep=\skip66
\dth@everypar=\toks45
)
\c@theorem=\count357
)
(/data/data/com.termux/files/usr/share/texlive/2025/texmf-dist/tex/latex/beamer
/beamerbasethemes.sty))
(/data/data/com.termux/files/usr/share/texlive/2025/texmf-dist/tex/latex/beamer
/beamerthemedefault.sty
(/data/data/com.termux/files/usr/share/texlive/2025/texmf-dist/tex/latex/beamer
/beamerfontthemedefault.sty)
(/data/data/com.termux/files/usr/share/texlive/2025/texmf-dist/tex/latex/beamer
/beamercolorthemedefault.sty)
(/data/data/com.termux/files/usr/share/texlive/2025/texmf-dist/tex/latex/beamer
/beamerinnerthemedefault.sty
\beamer@dima=\dimen300
\beamer@dimb=\dimen301
)
(/data/data/com.termux/files/usr/share/texlive/2025/texmf-dist/tex/latex/beamer
/beamerouterthemedefault.sty))) (./gvv.sty
(/data/data/com.termux/files/usr/share/texlive/2025/texmf-dist/tex/latex/lipsum
/lipsum.sty
(/data/data/com.termux/files/usr/share/texlive/2025/texmf-dist/tex/latex/l3pack
ages/l3keys2e/l3keys2e.sty
(/data/data/com.termux/files/usr/share/texlive/2025/texmf-dist/tex/latex/l3kern
el/expl3.sty
Package: expl3 2025-07-20 L3 programming layer (loader) 

(/data/data/com.termux/files/usr/share/texlive/2025/texmf-dist/tex/latex/l3back
end/l3backend-pdftex.def
File: l3backend-pdftex.def 2025-06-09 L3 backend support: PDF output (pdfTeX)
\l__color_backend_stack_int=\count358
))
Package: l3keys2e 2024-08-16 LaTeX2e option processing using LaTeX3 keys
)
Package: lipsum 2021-09-20 v2.7 150 paragraphs of Lorem Ipsum dummy text
\g__lipsum_par_int=\count359
\l__lipsum_a_int=\count360
\l__lipsum_b_int=\count361

(/data/data/com.termux/files/usr/share/texlive/2025/texmf-dist/tex/latex/lipsum
/lipsum.ltd.tex))
(/data/data/com.termux/files/usr/share/texlive/2025/texmf-dist/tex/generic/ulem
/ulem.sty
\UL@box=\box78
\UL@hyphenbox=\box79
\UL@skip=\skip67
\UL@hook=\toks46
\UL@height=\dimen302
\UL@pe=\count362
\UL@pixel=\dimen303
\ULC@box=\box80
Package: ulem 2019/11/18
\ULdepth=\dimen304
)
(/data/data/com.termux/files/usr/share/texlive/2025/texmf-dist/tex/latex/base/a
lltt.sty
Package: alltt 2024/07/07 v2.0g defines alltt environment
)
(/data/data/com.termux/files/usr/share/texlive/2025/texmf-dist/tex/latex/graphi
cs/rotating.sty
Package: rotating 2025/01/14 v2.16e rotated objects in LaTeX

(/data/data/com.termux/files/usr/share/texlive/2025/texmf-dist/tex/latex/base/i
fthen.sty
Package: ifthen 2024/03/16 v1.1e Standard LaTeX ifthen package (DPC)
)
\c@r@tfl@t=\count363
\rotFPtop=\skip68
\rotFPbot=\skip69
\rot@float@box=\box81
\rot@mess@toks=\toks47
)
(/data/data/com.termux/files/usr/share/texlive/2025/texmf-dist/tex/latex/pstric
ks/pstricks.sty
Package: pstricks 2024/02/02 v0.75 LaTeX wrapper for `PSTricks' (RN,HV)

(/data/data/com.termux/files/usr/share/texlive/2025/texmf-dist/tex/generic/xkey
val/pst-xkey.tex
File: pst-xkey.tex 2005/11/25 v1.6 PSTricks specialization of xkeyval (HA)

(/data/data/com.termux/files/usr/share/texlive/2025/texmf-dist/tex/latex/xkeyva
l/xkeyval.sty
Package: xkeyval 2022/06/16 v2.9 package option processing (HA)

(/data/data/com.termux/files/usr/share/texlive/2025/texmf-dist/tex/generic/xkey
val/xkeyval.tex
(/data/data/com.termux/files/usr/share/texlive/2025/texmf-dist/tex/generic/xkey
val/xkvutils.tex
\XKV@toks=\toks48
\XKV@tempa@toks=\toks49
)
\XKV@depth=\count364
File: xkeyval.tex 2014/12/03 v2.7a key=value parser (HA)
)))
(/data/data/com.termux/files/usr/share/texlive/2025/texmf-dist/tex/generic/pstr
icks/pstricks.tex
(/data/data/com.termux/files/usr/share/texlive/2025/texmf-dist/tex/generic/pstr
icks/pst-fp.tex `pst-fp' v0.06, 2020/11/20 (hv)
\pstFP@xs=\count365
\pstFP@xia=\count366
\pstFP@xib=\count367
\pstFP@xfa=\count368
\pstFP@xfb=\count369
\pstFP@rega=\count370
\pstFP@regb=\count371
\pstFP@regs=\count372
\pstFP@times=\count373
)
\psLoopIndex=\count374

`PSTricks' v3.22  <2025/06/11> (tvz,hv)
\pst@dima=\dimen305
\pst@dimb=\dimen306
\pst@dimc=\dimen307
\pst@dimd=\dimen308
\pst@dimg=\dimen309
\pst@dimh=\dimen310
\pst@dimm=\dimen311
\pst@dimn=\dimen312
\pst@dimo=\dimen313
\pst@dimp=\dimen314
\pst@hbox=\box82
\pst@ibox=\box83
\pst@boxg=\box84
\pst@cnta=\count375
\pst@cntb=\count376
\pst@cntc=\count377
\pst@cntd=\count378
\pst@cntg=\count379
\pst@cnth=\count380
\pst@cntm=\count381
\pst@cntn=\count382
\pst@cnto=\count383
\pst@cntp=\count384
\@zero=\count385
\pst@toks=\toks50
--- We are running latex or xelatex ---

(/data/data/com.termux/files/usr/share/texlive/2025/texmf-dist/tex/generic/pstr
icks/pstricks.con)
(/data/data/com.termux/files/usr/share/texlive/2025/texmf-dist/tex/generic/pstr
icks/pstricks-color.tex)
\psunit=\dimen315
\psxunit=\dimen316
\psyunit=\dimen317
\pst@C@@rType=\count386
\pslinewidth=\dimen318
\psk@startLW=\dimen319
\psk@endLW=\dimen320

(/data/data/com.termux/files/usr/share/texlive/2025/texmf-dist/tex/generic/pstr
icks/pstricks-arrows.tex
\pshooklength=\dimen321
\pshookwidth=\dimen322
)
\pst@customdefs=\toks51

(/data/data/com.termux/files/usr/share/texlive/2025/texmf-dist/tex/generic/pstr
icks/pstricks-dots.tex)
\pslinearc=\dimen323
\pst@symbolStep=\dimen324
\pst@symbolWidth=\dimen325
\pst@symbolLinewidth=\dimen326

(/data/data/com.termux/files/usr/share/texlive/2025/texmf-dist/tex/generic/pstr
icks/pst-code-grid.tex)
(/data/data/com.termux/files/usr/share/texlive/2025/texmf-dist/tex/generic/pstr
icks/pst-code-box.tex
\everypsbox=\toks52
\psframesep=\dimen327
)
(/data/data/com.termux/files/usr/share/texlive/2025/texmf-dist/tex/generic/pstr
icks/pst-code-arc.tex)
(/data/data/com.termux/files/usr/share/texlive/2025/texmf-dist/tex/generic/pstr
icks/pst-code-circle_ellipse.tex)
(/data/data/com.termux/files/usr/share/texlive/2025/texmf-dist/tex/generic/pstr
icks/pst-code-ref_rot.tex)
(/data/data/com.termux/files/usr/share/texlive/2025/texmf-dist/tex/generic/pstr
icks/pst-code-put.tex
\pslabelsep=\dimen328
)
(/data/data/com.termux/files/usr/share/texlive/2025/texmf-dist/tex/generic/pstr
icks/pst-code-pspicture.tex
\sh@wgridXunit=\dimen329
\sh@wgridYunit=\dimen330
\pst@shift=\dimen331
\ps@imagectr=\count387
)
(/data/data/com.termux/files/usr/share/texlive/2025/texmf-dist/tex/generic/pstr
icks/pstricks.con))
File: pstricks.tex 2025/06/11 v3.22 `PSTricks' (tvz,hv)

(/data/data/com.termux/files/usr/share/texlive/2025/texmf-dist/tex/generic/pstr
icks/pst-fp.tex `pst-fp' v0.06, 2020/11/20 (hv))
File: pst-fp.tex 2020/11/20 v0.06 `PST-fp' (hv)
)
(/data/data/com.termux/files/usr/share/texlive/2025/texmf-dist/tex/latex/wrapfi
g/wrapfig.sty
\wrapoverhang=\dimen332
\WF@size=\dimen333
\c@WF@wrappedlines=\count388
\WF@box=\box85
\WF@everypar=\toks53
Package: wrapfig 2003/01/31  v 3.6
)
(/data/data/com.termux/files/usr/share/texlive/2025/texmf-dist/tex/latex/pstric
ks/pstcol.sty
Package: pstcol 2007/04/11 v1.3 LaTeX wrapper for `PSTricks' (RN,HV)


Package pstcol Warning: ************************************ 
(pstcol)                The package `pstcol' is obsolet! 
(pstcol)                You should use `pstricks' directly: 
(pstcol)                    \usepackage{pstricks}
(pstcol)                ************************************.

)
(/data/data/com.termux/files/usr/share/texlive/2025/texmf-dist/tex/latex/pst-gr
ad/pst-grad.sty
Package: pst-grad 2004/07/15 package wrapper for pst-grad.tex (hv)

(/data/data/com.termux/files/usr/share/texlive/2025/texmf-dist/tex/generic/pst-
grad/pst-grad.tex `pst-grad' v1.06, 2006/11/27 (tvz,dg,hv))
File: pst-grad.tex 2006/11/27 1.06 `pst-grad' (tvz)
)
\sympureletters=\mathgroup6
LaTeX Font Info:    Overwriting symbol font `pureletters' in version `bold'
(Font)                  OT1/mathkerncmss/m/sl --> OT1/mathkerncmss/bx/sl on inp
ut line 17.

(/data/data/com.termux/files/usr/share/texlive/2025/texmf-dist/tex/latex/tools/
bm.sty
Package: bm 2023/12/19 v1.2f Bold Symbol Support (DPC/FMi)
\symboldoperators=\mathgroup7
\symboldletters=\mathgroup8
\symboldsymbols=\mathgroup9
Package bm Info: No bold for \OMX/cmex/m/n, using \pmb.
Package bm Info: No bold for \U/msa/m/n, using \pmb.
Package bm Info: No bold for \U/msb/m/n, using \pmb.
\symboldpureletters=\mathgroup10
LaTeX Font Info:    Redeclaring math alphabet \mathbf on input line 149.
)
(/data/data/com.termux/files/usr/share/texlive/2025/texmf-dist/tex/latex/enumit
em/enumitem.sty
Package: enumitem 2025/02/06 v3.11 Customized lists
\labelindent=\skip70
\enit@outerparindent=\dimen334
\enit@toks=\toks54
\enit@inbox=\box86
\enit@count@id=\count389
\enitdp@description=\count390
)
(/data/data/com.termux/files/usr/share/texlive/2025/texmf-dist/tex/latex/listin
gs/listings.sty
\lst@mode=\count391
\lst@gtempboxa=\box87
\lst@token=\toks55
\lst@length=\count392
\lst@currlwidth=\dimen335
\lst@column=\count393
\lst@pos=\count394
\lst@lostspace=\dimen336
\lst@width=\dimen337
\lst@newlines=\count395
\lst@lineno=\count396
\lst@maxwidth=\dimen338

(/data/data/com.termux/files/usr/share/texlive/2025/texmf-dist/tex/latex/listin
gs/lstpatch.sty
File: lstpatch.sty 2024/09/23 1.10c (Carsten Heinz)
)
(/data/data/com.termux/files/usr/share/texlive/2025/texmf-dist/tex/latex/listin
gs/lstmisc.sty
File: lstmisc.sty 2024/09/23 1.10c (Carsten Heinz)
\c@lstnumber=\count397
\lst@skipnumbers=\count398
\lst@framebox=\box88
)
(/data/data/com.termux/files/usr/share/texlive/2025/texmf-dist/tex/latex/listin
gs/listings.cfg
File: listings.cfg 2024/09/23 1.10c listings configuration
))
Package: listings 2024/09/23 1.10c (Carsten Heinz)

(/data/data/com.termux/files/usr/share/texlive/2025/texmf-dist/tex/latex/tools/
array.sty
Package: array 2025/06/08 v2.6j Tabular extension package (FMi)
\col@sep=\dimen339
\ar@mcellbox=\box89
\extrarowheight=\dimen340
\NC@list=\toks56
\extratabsurround=\skip71
\backup@length=\skip72
\ar@cellbox=\box90
)
(/data/data/com.termux/files/usr/share/texlive/2025/texmf-dist/tex/latex/tools/
longtable.sty
Package: longtable 2024-12-18 v4.23 Multi-page Table package (DPC)
\LTleft=\skip73
\LTright=\skip74
\LTpre=\skip75
\LTpost=\skip76
\LTchunksize=\count399
\LTcapwidth=\dimen341
\LT@head=\box91
\LT@firsthead=\box92
\LT@foot=\box93
\LT@lastfoot=\box94
\LT@gbox=\box95
\LT@cols=\count400
\LT@rows=\count401
\c@LT@tables=\count402
\c@LT@chunks=\count403
\LT@p@ftn=\toks57
)
(/data/data/com.termux/files/usr/share/texlive/2025/texmf-dist/tex/latex/tools/
calc.sty
Package: calc 2025/03/01 v4.3b Infix arithmetic (KKT,FJ)
\calc@Acount=\count404
\calc@Bcount=\count405
\calc@Adimen=\dimen342
\calc@Bdimen=\dimen343
\calc@Askip=\skip77
\calc@Bskip=\skip78
LaTeX Info: Redefining \setlength on input line 86.
LaTeX Info: Redefining \addtolength on input line 87.
\calc@Ccount=\count406
\calc@Cskip=\skip79
)
(/data/data/com.termux/files/usr/share/texlive/2025/texmf-dist/tex/latex/multir
ow/multirow.sty
Package: multirow 2024/11/12 v2.9 Span multiple rows of a table
\multirow@colwidth=\skip80
\multirow@cntb=\count407
\multirow@dima=\skip81
\bigstrutjot=\dimen344
)
(/data/data/com.termux/files/usr/share/texlive/2025/texmf-dist/tex/latex/tools/
hhline.sty
Package: hhline 2020/01/04 v2.04 Table rule package (DPC)
)
(/data/data/com.termux/files/usr/share/texlive/2025/texmf-dist/tex/latex/graphi
cs/lscape.sty
Package: lscape 2020/05/28 v3.02 Landscape Pages (DPC)
)
(/data/data/com.termux/files/usr/share/texlive/2025/texmf-dist/tex/latex/gensym
b/gensymb.sty
Package: gensymb 2022/10/17 v1.0.2 (KJH)
)
(/data/data/com.termux/files/usr/share/texlive/2025/texmf-dist/tex/latex/tools/
tabularx.sty
Package: tabularx 2023/12/11 v2.12a `tabularx' package (DPC)
\TX@col@width=\dimen345
\TX@old@table=\dimen346
\TX@old@col=\dimen347
\TX@target=\dimen348
\TX@delta=\dimen349
\TX@cols=\count408
\TX@ftn=\toks58
)
(/data/data/com.termux/files/usr/share/texlive/2025/texmf-dist/tex/latex/tools/
multicol.sty
Package: multicol 2025/05/25 v2.0a multicolumn formatting (FMi)
\c@tracingmulticols=\count409
\mult@box=\box96
\multicol@leftmargin=\dimen350
\c@unbalance=\count410
\c@collectmore=\count411
\doublecol@number=\count412
\multicoltolerance=\count413
\multicolpretolerance=\count414
\full@width=\dimen351
\page@free=\dimen352
\premulticols=\dimen353
\postmulticols=\dimen354
\multicolsep=\skip82
\multicolbaselineskip=\skip83
\partial@page=\box97
\last@line=\box98
\mc@boxedresult=\box99
\maxbalancingoverflow=\dimen355
\mult@rightbox=\box100
\mult@grightbox=\box101
\mult@firstbox=\box102
\mult@gfirstbox=\box103
\@tempa=\box104
\@tempa=\box105
\@tempa=\box106
\@tempa=\box107
\@tempa=\box108
\@tempa=\box109
\@tempa=\box110
\@tempa=\box111
\@tempa=\box112
\@tempa=\box113
\@tempa=\box114
\@tempa=\box115
\@tempa=\box116
\@tempa=\box117
\@tempa=\box118
\@tempa=\box119
\@tempa=\box120
\@tempa=\box121
\@tempa=\box122
\@tempa=\box123
\@tempa=\box124
\@tempa=\box125
\@tempa=\box126
\@tempa=\box127
\@tempa=\box128
\@tempa=\box129
\@tempa=\box130
\@tempa=\box131
\@tempa=\box132
\@tempa=\box133
\@tempa=\box134
\@tempa=\box135
\@tempa=\box136
\@tempa=\box137
\@tempa=\box138
\@tempa=\box139
\c@minrows=\count415
\c@columnbadness=\count416
\c@finalcolumnbadness=\count417
\last@try=\dimen356
\multicolovershoot=\dimen357
\multicolundershoot=\dimen358
\mult@nat@firstbox=\box140
\colbreak@box=\box141
\mc@col@check@num=\count418
\g__mc_curr_col_int=\count419
)
(/data/data/com.termux/files/usr/share/texlive/2025/texmf-dist/tex/latex/float/
float.sty
Package: float 2001/11/08 v1.3d Float enhancements (AL)
\c@float@type=\count420
\float@exts=\toks59
\float@box=\box142
\@float@everytoks=\toks60
\@floatcapt=\box143
)
(/data/data/com.termux/files/usr/share/texlive/2025/texmf-dist/tex/latex/boites
/boites.sty
File: boites.sty 
Package: boites 2013/11/21 v1.1 Colored, framed and breakable across pages boxe
s
\bk@bxb=\box144
\bk@bxa=\box145
\bk@lcnt=\count421
)
(/data/data/com.termux/files/usr/share/texlive/2025/texmf-dist/tex/latex/boites
/boites_exemples.sty
File: boites_exemples.sty 
Package: boites_exemples 
\bk@hauteurcourrante=\dimen359
\bk@hauteursuivante=\dimen360
\bk@tempdim=\dimen361
\bk@fboxsep=\skip84
)
(/data/data/com.termux/files/usr/share/texlive/2025/texmf-dist/tex/latex/base/l
atexsym.sty
Package: latexsym 1998/08/17 v2.2e Standard LaTeX package (lasy symbols)
\symlasy=\mathgroup11
LaTeX Font Info:    Overwriting symbol font `lasy' in version `bold'
(Font)                  U/lasy/m/n --> U/lasy/b/n on input line 52.
)
(/data/data/com.termux/files/usr/share/texlive/2025/texmf-dist/tex/latex/mathto
ols/mathtools.sty
Package: mathtools 2024/10/04 v1.31 mathematical typesetting tools

(/data/data/com.termux/files/usr/share/texlive/2025/texmf-dist/tex/latex/mathto
ols/mhsetup.sty
Package: mhsetup 2021/03/18 v1.4 programming setup (MH)
)
\g_MT_multlinerow_int=\count422
\l_MT_multwidth_dim=\dimen362
\origjot=\skip85
\l_MT_shortvdotswithinadjustabove_dim=\dimen363
\l_MT_shortvdotswithinadjustbelow_dim=\dimen364
\l_MT_above_intertext_sep=\dimen365
\l_MT_below_intertext_sep=\dimen366
\l_MT_above_shortintertext_sep=\dimen367
\l_MT_below_shortintertext_sep=\dimen368
\xmathstrut@box=\box146
\xmathstrut@dim=\dimen369
)
(/data/data/com.termux/files/usr/share/texlive/2025/texmf-dist/tex/latex/jknapl
tx/mathrsfs.sty
Package: mathrsfs 1996/01/01 Math RSFS package v1.0 (jk)
\symrsfs=\mathgroup12
)
(/data/data/com.termux/files/usr/share/texlive/2025/texmf-dist/tex/latex/base/m
akeidx.sty
Package: makeidx 2021/10/04 v1.0m Standard LaTeX package
)
(/data/data/com.termux/files/usr/share/texlive/2025/texmf-dist/tex/latex/tools/
verbatim.sty
Package: verbatim 2024-01-22 v1.5x LaTeX2e package for verbatim enhancements
\every@verbatim=\toks61
\verbatim@line=\toks62
\verbatim@in@stream=\read3
)
(/data/data/com.termux/files/usr/share/texlive/2025/texmf-dist/tex/latex/moreve
rb/moreverb.sty
Package: moreverb 2008/06/03 v2.3a `more' verbatim facilities
\tab@position=\count423
\tab@size=\count424
\listing@line=\count425
)
Package hyperref Info: Option `bookmarksopen' set `false' on input line 51.

(/data/data/com.termux/files/usr/share/texlive/2025/texmf-dist/tex/latex/breaku
rl/breakurl.sty
Package: breakurl 2013/04/10 v1.40 Breakable hyperref URLs

(/data/data/com.termux/files/usr/share/texlive/2025/texmf-dist/tex/generic/ifte
x/ifpdf.sty
Package: ifpdf 2019/10/25 v3.4 ifpdf legacy package. Use iftex instead.
)

Package breakurl Warning: You are using breakurl while processing via pdflatex.

(breakurl)                \burl will be just a synonym of \url.
(breakurl)                 on input line 48.

)
(/data/data/com.termux/files/usr/share/texlive/2025/texmf-dist/tex/latex/tkz-eu
clide/tkz-euclide.sty
2024/04/19 5.10c tkz-euclide.sty
Package: tkz-euclide  2024/04/19 5.10c for pure Euclidean Geometry 

(/data/data/com.termux/files/usr/share/texlive/2025/texmf-dist/tex/latex/pgf/fr
ontendlayer/tikz.sty
(/data/data/com.termux/files/usr/share/texlive/2025/texmf-dist/tex/latex/pgf/ba
siclayer/pgf.sty
Loading pgf.sty

(/data/data/com.termux/files/usr/share/texlive/2025/texmf-dist/tex/generic/pgf/
modules/pgfmoduleshapes.code.tex
File: pgfmoduleshapes.code.tex 2023-01-15 v3.1.10 (3.1.10)
\pgfnodeparttextbox=\box147
)
(/data/data/com.termux/files/usr/share/texlive/2025/texmf-dist/tex/generic/pgf/
modules/pgfmoduleplot.code.tex
File: pgfmoduleplot.code.tex 2023-01-15 v3.1.10 (3.1.10)
)
(/data/data/com.termux/files/usr/share/texlive/2025/texmf-dist/tex/latex/pgf/co
mpatibility/pgfcomp-version-0-65.sty
Loading pgfcomp-version-0-65.sty
\pgf@nodesepstart=\dimen370
\pgf@nodesepend=\dimen371
)
(/data/data/com.termux/files/usr/share/texlive/2025/texmf-dist/tex/latex/pgf/co
mpatibility/pgfcomp-version-1-18.sty
Loading pgfcomp-version-1-18.sty
))
(/data/data/com.termux/files/usr/share/texlive/2025/texmf-dist/tex/latex/pgf/ut
ilities/pgffor.sty
(/data/data/com.termux/files/usr/share/texlive/2025/texmf-dist/tex/generic/pgf/
utilities/pgffor.code.tex
Loading pgffor.code.tex
\pgffor@iter=\dimen372
\pgffor@skip=\dimen373
\pgffor@stack=\toks63
\pgffor@toks=\toks64
))
(/data/data/com.termux/files/usr/share/texlive/2025/texmf-dist/tex/generic/pgf/
frontendlayer/tikz/tikz.code.tex
Loading tikz.code.tex

(/data/data/com.termux/files/usr/share/texlive/2025/texmf-dist/tex/generic/pgf/
libraries/pgflibraryplothandlers.code.tex
File: pgflibraryplothandlers.code.tex 2023-01-15 v3.1.10 (3.1.10)
\pgf@plot@mark@count=\count426
\pgfplotmarksize=\dimen374
)
\tikz@lastx=\dimen375
\tikz@lasty=\dimen376
\tikz@lastxsaved=\dimen377
\tikz@lastysaved=\dimen378
\tikz@lastmovetox=\dimen379
\tikz@lastmovetoy=\dimen380
\tikzleveldistance=\dimen381
\tikzsiblingdistance=\dimen382
\tikz@figbox=\box148
\tikz@figbox@bg=\box149
\tikz@tempbox=\box150
\tikz@tempbox@bg=\box151
\tikztreelevel=\count427
\tikznumberofchildren=\count428
\tikznumberofcurrentchild=\count429
\tikz@fig@count=\count430

(/data/data/com.termux/files/usr/share/texlive/2025/texmf-dist/tex/generic/pgf/
modules/pgfmodulematrix.code.tex
File: pgfmodulematrix.code.tex 2023-01-15 v3.1.10 (3.1.10)
\pgfmatrixcurrentrow=\count431
\pgfmatrixcurrentcolumn=\count432
\pgf@matrix@numberofcolumns=\count433
)
\tikz@expandcount=\count434

(/data/data/com.termux/files/usr/share/texlive/2025/texmf-dist/tex/generic/pgf/
frontendlayer/tikz/libraries/tikzlibrarytopaths.code.tex
File: tikzlibrarytopaths.code.tex 2023-01-15 v3.1.10 (3.1.10)
)))
(/data/data/com.termux/files/usr/share/texlive/2025/texmf-dist/tex/generic/pgf/
frontendlayer/tikz/libraries/tikzlibraryangles.code.tex
File: tikzlibraryangles.code.tex 2023-01-15 v3.1.10 (3.1.10)
)
(/data/data/com.termux/files/usr/share/texlive/2025/texmf-dist/tex/generic/pgf/
frontendlayer/tikz/libraries/tikzlibraryarrows.code.tex
File: tikzlibraryarrows.code.tex 2023-01-15 v3.1.10 (3.1.10)

(/data/data/com.termux/files/usr/share/texlive/2025/texmf-dist/tex/generic/pgf/
libraries/pgflibraryarrows.code.tex
File: pgflibraryarrows.code.tex 2023-01-15 v3.1.10 (3.1.10)
\arrowsize=\dimen383
))
(/data/data/com.termux/files/usr/share/texlive/2025/texmf-dist/tex/generic/pgf/
libraries/pgflibraryarrows.meta.code.tex
File: pgflibraryarrows.meta.code.tex 2023-01-15 v3.1.10 (3.1.10)
\pgfarrowinset=\dimen384
\pgfarrowlength=\dimen385
\pgfarrowwidth=\dimen386
\pgfarrowlinewidth=\dimen387
)
(/data/data/com.termux/files/usr/share/texlive/2025/texmf-dist/tex/generic/pgf/
frontendlayer/tikz/libraries/tikzlibrarybackgrounds.code.tex
File: tikzlibrarybackgrounds.code.tex 2023-01-15 v3.1.10 (3.1.10)
\pgf@layerbox@background=\box152
\pgf@layerboxsaved@background=\box153
)
(/data/data/com.termux/files/usr/share/texlive/2025/texmf-dist/tex/generic/pgf/
frontendlayer/tikz/libraries/tikzlibrarycalc.code.tex
File: tikzlibrarycalc.code.tex 2023-01-15 v3.1.10 (3.1.10)
)
(/data/data/com.termux/files/usr/share/texlive/2025/texmf-dist/tex/generic/pgf/
frontendlayer/tikz/libraries/tikzlibrarydecorations.code.tex
(/data/data/com.termux/files/usr/share/texlive/2025/texmf-dist/tex/generic/pgf/
modules/pgfmoduledecorations.code.tex
\pgfdecoratedcompleteddistance=\dimen388
\pgfdecoratedremainingdistance=\dimen389
\pgfdecoratedinputsegmentcompleteddistance=\dimen390
\pgfdecoratedinputsegmentremainingdistance=\dimen391
\pgf@decorate@distancetomove=\dimen392
\pgf@decorate@repeatstate=\count435
\pgfdecorationsegmentamplitude=\dimen393
\pgfdecorationsegmentlength=\dimen394
)
\tikz@lib@dec@box=\box154
)
(/data/data/com.termux/files/usr/share/texlive/2025/texmf-dist/tex/generic/pgf/
frontendlayer/tikz/libraries/tikzlibrarydecorations.markings.code.tex
(/data/data/com.termux/files/usr/share/texlive/2025/texmf-dist/tex/generic/pgf/
libraries/decorations/pgflibrarydecorations.markings.code.tex))
(/data/data/com.termux/files/usr/share/texlive/2025/texmf-dist/tex/generic/pgf/
frontendlayer/tikz/libraries/tikzlibrarydecorations.pathreplacing.code.tex
(/data/data/com.termux/files/usr/share/texlive/2025/texmf-dist/tex/generic/pgf/
libraries/decorations/pgflibrarydecorations.pathreplacing.code.tex))
(/data/data/com.termux/files/usr/share/texlive/2025/texmf-dist/tex/generic/pgf/
frontendlayer/tikz/libraries/tikzlibrarydecorations.shapes.code.tex
(/data/data/com.termux/files/usr/share/texlive/2025/texmf-dist/tex/generic/pgf/
libraries/decorations/pgflibrarydecorations.shapes.code.tex))
(/data/data/com.termux/files/usr/share/texlive/2025/texmf-dist/tex/generic/pgf/
frontendlayer/tikz/libraries/tikzlibrarydecorations.text.code.tex
(/data/data/com.termux/files/usr/share/texlive/2025/texmf-dist/tex/generic/pgf/
libraries/decorations/pgflibrarydecorations.text.code.tex
\pgf@lib@dec@text@box=\box155
)
\tikz@lib@dec@te@box=\box156
)
(/data/data/com.termux/files/usr/share/texlive/2025/texmf-dist/tex/generic/pgf/
frontendlayer/tikz/libraries/tikzlibrarydecorations.pathmorphing.code.tex
(/data/data/com.termux/files/usr/share/texlive/2025/texmf-dist/tex/generic/pgf/
libraries/decorations/pgflibrarydecorations.pathmorphing.code.tex))
(/data/data/com.termux/files/usr/share/texlive/2025/texmf-dist/tex/generic/pgf/
frontendlayer/tikz/libraries/tikzlibraryintersections.code.tex
(/data/data/com.termux/files/usr/share/texlive/2025/texmf-dist/tex/generic/pgf/
libraries/pgflibraryintersections.code.tex
(/data/data/com.termux/files/usr/share/texlive/2025/texmf-dist/tex/generic/pgf/
libraries/pgflibraryfpu.code.tex)
\pgf@intersect@solutions=\count436
))
(/data/data/com.termux/files/usr/share/texlive/2025/texmf-dist/tex/generic/pgf/
frontendlayer/tikz/libraries/tikzlibrarymath.code.tex
(/data/data/com.termux/files/usr/share/texlive/2025/texmf-dist/tex/generic/pgf/
frontendlayer/tikz/libraries/tikzlibraryfpu.code.tex)
\tikz@math@for@depth=\count437
\tikz@math@dimen=\dimen395
\tikz@math@toks=\toks65
)
(/data/data/com.termux/files/usr/share/texlive/2025/texmf-dist/tex/generic/pgf/
frontendlayer/tikz/libraries/tikzlibraryplotmarks.code.tex
File: tikzlibraryplotmarks.code.tex 2023-01-15 v3.1.10 (3.1.10)

(/data/data/com.termux/files/usr/share/texlive/2025/texmf-dist/tex/generic/pgf/
libraries/pgflibraryplotmarks.code.tex
File: pgflibraryplotmarks.code.tex 2023-01-15 v3.1.10 (3.1.10)
))
(/data/data/com.termux/files/usr/share/texlive/2025/texmf-dist/tex/generic/pgf/
frontendlayer/tikz/libraries/tikzlibrarypositioning.code.tex
File: tikzlibrarypositioning.code.tex 2023-01-15 v3.1.10 (3.1.10)
)
(/data/data/com.termux/files/usr/share/texlive/2025/texmf-dist/tex/generic/pgf/
frontendlayer/tikz/libraries/tikzlibraryquotes.code.tex
File: tikzlibraryquotes.code.tex 2023-01-15 v3.1.10 (3.1.10)
)
(/data/data/com.termux/files/usr/share/texlive/2025/texmf-dist/tex/generic/pgf/
frontendlayer/tikz/libraries/tikzlibraryshapes.misc.code.tex
File: tikzlibraryshapes.misc.code.tex 2023-01-15 v3.1.10 (3.1.10)

(/data/data/com.termux/files/usr/share/texlive/2025/texmf-dist/tex/generic/pgf/
libraries/shapes/pgflibraryshapes.misc.code.tex
File: pgflibraryshapes.misc.code.tex 2023-01-15 v3.1.10 (3.1.10)
))
(/data/data/com.termux/files/usr/share/texlive/2025/texmf-dist/tex/generic/pgf/
frontendlayer/tikz/libraries/tikzlibrarythrough.code.tex
File: tikzlibrarythrough.code.tex 2023-01-15 v3.1.10 (3.1.10)
)
(/data/data/com.termux/files/usr/share/texlive/2025/texmf-dist/tex/latex/l3pack
ages/xfp/xfp.sty
Package: xfp 2024-08-16 L3 Floating point unit
)
(/data/data/com.termux/files/usr/share/texlive/2025/texmf-dist/tex/latex/xpatch
/xpatch.sty
Package: xpatch 2020/03/25 v0.3a Extending etoolbox patching commands

(/data/data/com.termux/files/usr/share/texlive/2025/texmf-dist/tex/latex/l3pack
ages/xparse/xparse.sty
Package: xparse 2024-08-16 L3 Experimental document command parser
))
\tkzRadius=\dimen396
\tkzLength=\dimen397
\tkz@radi=\dimen398
\tkz@ax=\dimen399
\tkz@ay=\dimen400
\tkz@bx=\dimen401
\tkz@by=\dimen402
\tkz@cx=\dimen403
\tkz@cy=\dimen404
\tkz@dx=\dimen405
\tkz@dy=\dimen406
\tkz@cntmk=\count438

Local configuration file tkz-euclide.cfg found and used

(/data/data/com.termux/files/usr/share/texlive/2025/texmf-dist/tex/latex/tkz-eu
clide/tkz-euclide.cfg
2024/04/19 5.10c tkz-euclide.cfg
)
(/data/data/com.termux/files/usr/share/texlive/2025/texmf-dist/tex/latex/tkz-eu
clide/tkz-tools-eu-base.tex
2024/04/19 5.10c tkz-tools-eu-base.tex
)
(/data/data/com.termux/files/usr/share/texlive/2025/texmf-dist/tex/latex/tkz-eu
clide/tkz-tools-eu-utilities.tex
2024/04/19 5.10c tkz-tools-eu-utilities.tex
)
(/data/data/com.termux/files/usr/share/texlive/2025/texmf-dist/tex/latex/tkz-eu
clide/tkz-tools-eu-BB.tex
2024/04/19 5.10c tkz-obj-eu-BB.tex
)
(/data/data/com.termux/files/usr/share/texlive/2025/texmf-dist/tex/latex/tkz-eu
clide/tkz-obj-eu-grids.tex
2024/04/19 5.10c tkz-obj-eu-grids.tex
)
(/data/data/com.termux/files/usr/share/texlive/2025/texmf-dist/tex/latex/tkz-eu
clide/tkz-lib-eu-marks.tex
2024/04/19 5.10c tkz-lib-eu-marks.tex
)
(/data/data/com.termux/files/usr/share/texlive/2025/texmf-dist/tex/latex/tkz-eu
clide/tkz-tools-eu-text.tex
2024/04/19 5.10c tkz-tools-eu-text.tex
)
(/data/data/com.termux/files/usr/share/texlive/2025/texmf-dist/tex/latex/tkz-eu
clide/tkz-lib-eu-shape.tex
2024/04/19 5.10c tkz-lib-eu-shape.tex
)
(/data/data/com.termux/files/usr/share/texlive/2025/texmf-dist/tex/latex/tkz-eu
clide/tkz-obj-eu-axesmin.tex
2024/04/19 5.10c tkz-obj-eu-axesmin
)
(/data/data/com.termux/files/usr/share/texlive/2025/texmf-dist/tex/latex/tkz-eu
clide/tkz-tools-eu-colors.tex
2024/04/19 5.10c tkz-tools-eu-colors
)
(/data/data/com.termux/files/usr/share/texlive/2025/texmf-dist/tex/latex/tkz-eu
clide/tkz-obj-eu-points.tex
2024/04/19 5.10c tkz-obj-eu-points.tex
)
(/data/data/com.termux/files/usr/share/texlive/2025/texmf-dist/tex/latex/tkz-eu
clide/tkz-draw-eu-points.tex
2024/04/19 5.10c tkz-draw-eu-points.tex
)
(/data/data/com.termux/files/usr/share/texlive/2025/texmf-dist/tex/latex/tkz-eu
clide/tkz-obj-eu-points.tex
2024/04/19 5.10c tkz-obj-eu-points.tex
)
(/data/data/com.termux/files/usr/share/texlive/2025/texmf-dist/tex/latex/tkz-eu
clide/tkz-obj-eu-points-by.tex
2024/04/19 5.10c tkz-tools-eu-points-by.tex
)
(/data/data/com.termux/files/usr/share/texlive/2025/texmf-dist/tex/latex/tkz-eu
clide/tkz-tools-eu-math.tex
2024/04/19 5.10c tkz-tools-eu-math.tex
)
(/data/data/com.termux/files/usr/share/texlive/2025/texmf-dist/tex/latex/tkz-eu
clide/tkz-tools-eu-intersections.tex
2024/04/19 5.10c tkz-tools-eu-intersections.tex
)
(/data/data/com.termux/files/usr/share/texlive/2025/texmf-dist/tex/latex/tkz-eu
clide/tkz-obj-eu-points-with.tex
2024/04/19 5.10c tkz-obj-eu-points-with.tex
)
(/data/data/com.termux/files/usr/share/texlive/2025/texmf-dist/tex/latex/tkz-eu
clide/tkz-obj-eu-points-spc.tex
2024/04/19 5.10c tkz-obj-el-points.tex
)
(/data/data/com.termux/files/usr/share/texlive/2025/texmf-dist/tex/latex/tkz-eu
clide/tkz-tools-eu-angles.tex
2024/04/19 5.10c tkz-tools-eu-angles.tex
)
(/data/data/com.termux/files/usr/share/texlive/2025/texmf-dist/tex/latex/tkz-eu
clide/tkz-obj-eu-circles.tex
2024/04/19 5.10c tkz-obj-eu-circles.tex
)
(/data/data/com.termux/files/usr/share/texlive/2025/texmf-dist/tex/latex/tkz-eu
clide/tkz-obj-eu-circles-by.tex
2024/04/19 5.10c tkz-obj-eu-circles.tex
)
(/data/data/com.termux/files/usr/share/texlive/2025/texmf-dist/tex/latex/tkz-eu
clide/tkz-obj-eu-points-rnd.tex
2024/04/19 5.10c tkz-obj-eu-points-rnd.tex
)
(/data/data/com.termux/files/usr/share/texlive/2025/texmf-dist/tex/latex/tkz-eu
clide/tkz-obj-eu-lines.tex
2024/04/19 5.10c tkz-obj-eu-lines.tex
)
(/data/data/com.termux/files/usr/share/texlive/2025/texmf-dist/tex/latex/tkz-eu
clide/tkz-obj-eu-polygons.tex
2024/04/19 5.10c tkz-obj-eu-polygons.tex
)
(/data/data/com.termux/files/usr/share/texlive/2025/texmf-dist/tex/latex/tkz-eu
clide/tkz-obj-eu-triangles.tex
2024/04/19 5.10c tkz-obj-eu-triangles.tex
)
(/data/data/com.termux/files/usr/share/texlive/2025/texmf-dist/tex/latex/tkz-eu
clide/tkz-draw-eu-lines.tex
2024/04/19 5.10c tkz-obj-eu-draw-lines.tex
)
(/data/data/com.termux/files/usr/share/texlive/2025/texmf-dist/tex/latex/tkz-eu
clide/tkz-draw-eu-circles.tex
2024/04/19 5.10c tkz-obj-eu-draw-circles.tex
)
(/data/data/com.termux/files/usr/share/texlive/2025/texmf-dist/tex/latex/tkz-eu
clide/tkz-draw-eu-ellipses.tex
2024/04/19 5.10c tkz-obj-eu-draw-ellipses.tex
)
(/data/data/com.termux/files/usr/share/texlive/2025/texmf-dist/tex/latex/tkz-eu
clide/tkz-draw-eu-polygons.tex
2024/04/19 5.10c tkz-obj-eu-polygons.tex
)
(/data/data/com.termux/files/usr/share/texlive/2025/texmf-dist/tex/latex/tkz-eu
clide/tkz-draw-eu-arcs.tex
2024/04/19 5.10c tkz-tool-eu-arcs.tex
)
(/data/data/com.termux/files/usr/share/texlive/2025/texmf-dist/tex/latex/tkz-eu
clide/tkz-draw-eu-angles.tex
2024/04/19 5.10c tkz-tool-eu-angles.tex
)
(/data/data/com.termux/files/usr/share/texlive/2025/texmf-dist/tex/latex/tkz-eu
clide/tkz-draw-eu-sectors.tex
2024/04/19 5.10c tkz-obj-eu-sectors.tex
)
(/data/data/com.termux/files/usr/share/texlive/2025/texmf-dist/tex/latex/tkz-eu
clide/tkz-draw-eu-compass.tex
2024/04/19 5.10c tkz-obj-eu-compass.tex
)
(/data/data/com.termux/files/usr/share/texlive/2025/texmf-dist/tex/latex/tkz-eu
clide/tkz-draw-eu-show.tex
2024/04/19 5.10c tkz-obj-eu-show.tex
)
(/data/data/com.termux/files/usr/share/texlive/2025/texmf-dist/tex/latex/tkz-eu
clide/tkz-draw-eu-protractor.tex
2024/04/19 5.10c tkz-obj-eu-protractor.tex
))
\c@matchleft=\count439
\c@matchright=\count440
) (./main.aux)
\openout1 = `main.aux'.

LaTeX Font Info:    Checking defaults for OML/cmm/m/it on input line 9.
LaTeX Font Info:    ... okay on input line 9.
LaTeX Font Info:    Checking defaults for OMS/cmsy/m/n on input line 9.
LaTeX Font Info:    ... okay on input line 9.
LaTeX Font Info:    Checking defaults for OT1/cmr/m/n on input line 9.
LaTeX Font Info:    ... okay on input line 9.
LaTeX Font Info:    Checking defaults for T1/cmr/m/n on input line 9.
LaTeX Font Info:    ... okay on input line 9.
LaTeX Font Info:    Checking defaults for TS1/cmr/m/n on input line 9.
LaTeX Font Info:    ... okay on input line 9.
LaTeX Font Info:    Checking defaults for OMX/cmex/m/n on input line 9.
LaTeX Font Info:    ... okay on input line 9.
LaTeX Font Info:    Checking defaults for U/cmr/m/n on input line 9.
LaTeX Font Info:    ... okay on input line 9.
LaTeX Font Info:    Checking defaults for PD1/pdf/m/n on input line 9.
LaTeX Font Info:    ... okay on input line 9.
LaTeX Font Info:    Checking defaults for PU/pdf/m/n on input line 9.
LaTeX Font Info:    ... okay on input line 9.

*geometry* driver: auto-detecting
*geometry* detected driver: pdftex
*geometry* verbose mode - [ preamble ] result:
* driver: pdftex
* paper: custom
* layout: <same size as paper>
* layoutoffset:(h,v)=(0.0pt,0.0pt)
* modes: includehead includefoot 
* h-part:(L,W,R)=(28.45274pt, 307.28987pt, 28.45274pt)
* v-part:(T,H,B)=(0.0pt, 273.14662pt, 0.0pt)
* \paperwidth=364.19536pt
* \paperheight=273.14662pt
* \textwidth=307.28987pt
* \textheight=244.6939pt
* \oddsidemargin=-43.81725pt
* \evensidemargin=-43.81725pt
* \topmargin=-72.26999pt
* \headheight=14.22636pt
* \headsep=0.0pt
* \topskip=11.0pt
* \footskip=14.22636pt
* \marginparwidth=4.0pt
* \marginparsep=10.0pt
* \columnsep=10.0pt
* \skip\footins=10.0pt plus 4.0pt minus 2.0pt
* \hoffset=0.0pt
* \voffset=0.0pt
* \mag=1000
* \@twocolumnfalse
* \@twosidefalse
* \@mparswitchfalse
* \@reversemarginfalse
* (1in=72.27pt=25.4mm, 1cm=28.453pt)


(/data/data/com.termux/files/usr/share/texlive/2025/texmf-dist/tex/context/base
/mkii/supp-pdf.mkii
[Loading MPS to PDF converter (version 2006.09.02).]
\scratchcounter=\count441
\scratchdimen=\dimen407
\scratchbox=\box157
\nofMPsegments=\count442
\nofMParguments=\count443
\everyMPshowfont=\toks66
\MPscratchCnt=\count444
\MPscratchDim=\dimen408
\MPnumerator=\count445
\makeMPintoPDFobject=\count446
\everyMPtoPDFconversion=\toks67
)
(/data/data/com.termux/files/usr/share/texlive/2025/texmf-dist/tex/latex/epstop
df-pkg/epstopdf-base.sty
Package: epstopdf-base 2020-01-24 v2.11 Base part for package epstopdf
Package epstopdf-base Info: Redefining graphics rule for `.eps' on input line 4
85.

(/data/data/com.termux/files/usr/share/texlive/2025/texmf-dist/tex/latex/latexc
onfig/epstopdf-sys.cfg
File: epstopdf-sys.cfg 2010/07/13 v1.3 Configuration of (r)epstopdf for TeX Liv
e
))
Package hyperref Info: Link coloring OFF on input line 9.
 (./main.out) (./main.out)
\@outlinefile=\write5
\openout5 = `main.out'.

LaTeX Font Info:    Overwriting symbol font `operators' in version `normal'
(Font)                  OT1/cmr/m/n --> OT1/cmss/m/n on input line 9.
LaTeX Font Info:    Overwriting symbol font `operators' in version `bold'
(Font)                  OT1/cmr/bx/n --> OT1/cmss/b/n on input line 9.
\symnumbers=\mathgroup13
LaTeX Font Info:    Redeclaring symbol font `pureletters' on input line 9.
LaTeX Font Info:    Overwriting symbol font `pureletters' in version `normal'
(Font)                  OT1/mathkerncmss/m/sl --> OT1/cmss/m/it on input line 9
.
LaTeX Font Info:    Overwriting symbol font `pureletters' in version `bold'
(Font)                  OT1/mathkerncmss/bx/sl --> OT1/cmss/m/it on input line 
9.
LaTeX Font Info:    Overwriting math alphabet `\mathrm' in version `normal'
(Font)                  OT1/cmss/m/n --> OT1/cmr/m/n on input line 9.
LaTeX Font Info:    Redeclaring math alphabet \mathbf on input line 9.
LaTeX Font Info:    Redeclaring math alphabet \mathsf on input line 9.
LaTeX Font Info:    Overwriting math alphabet `\mathsf' in version `normal'
(Font)                  OT1/cmss/m/n --> OT1/cmss/m/n on input line 9.
LaTeX Font Info:    Overwriting math alphabet `\mathsf' in version `bold'
(Font)                  OT1/cmss/bx/n --> OT1/cmss/m/n on input line 9.
LaTeX Font Info:    Redeclaring math alphabet \mathit on input line 9.
LaTeX Font Info:    Overwriting math alphabet `\mathit' in version `normal'
(Font)                  OT1/cmr/m/it --> OT1/cmss/m/it on input line 9.
LaTeX Font Info:    Overwriting math alphabet `\mathit' in version `bold'
(Font)                  OT1/cmr/bx/it --> OT1/cmss/m/it on input line 9.
LaTeX Font Info:    Redeclaring math alphabet \mathtt on input line 9.
LaTeX Font Info:    Overwriting math alphabet `\mathtt' in version `normal'
(Font)                  OT1/cmtt/m/n --> OT1/cmtt/m/n on input line 9.
LaTeX Font Info:    Overwriting math alphabet `\mathtt' in version `bold'
(Font)                  OT1/cmtt/m/n --> OT1/cmtt/m/n on input line 9.
LaTeX Font Info:    Overwriting symbol font `numbers' in version `bold'
(Font)                  OT1/cmss/m/n --> OT1/cmss/b/n on input line 9.
LaTeX Font Info:    Overwriting symbol font `pureletters' in version `bold'
(Font)                  OT1/cmss/m/it --> OT1/cmss/b/it on input line 9.
LaTeX Font Info:    Overwriting math alphabet `\mathrm' in version `bold'
(Font)                  OT1/cmss/b/n --> OT1/cmr/b/n on input line 9.
LaTeX Font Info:    Overwriting math alphabet `\mathbf' in version `bold'
(Font)                  OT1/cmss/b/n --> OT1/cmss/b/n on input line 9.
LaTeX Font Info:    Overwriting math alphabet `\mathsf' in version `bold'
(Font)                  OT1/cmss/m/n --> OT1/cmss/b/n on input line 9.
LaTeX Font Info:    Overwriting math alphabet `\mathit' in version `bold'
(Font)                  OT1/cmss/m/it --> OT1/cmss/b/it on input line 9.
LaTeX Font Info:    Overwriting math alphabet `\mathtt' in version `bold'
(Font)                  OT1/cmtt/m/n --> OT1/cmtt/b/n on input line 9.
LaTeX Font Info:    Redeclaring symbol font `pureletters' on input line 9.
LaTeX Font Info:    Overwriting symbol font `pureletters' in version `normal'
(Font)                  OT1/cmss/m/it --> OT1/mathkerncmss/m/sl on input line 9
.
LaTeX Font Info:    Overwriting symbol font `pureletters' in version `bold'
(Font)                  OT1/cmss/b/it --> OT1/mathkerncmss/m/sl on input line 9
.
LaTeX Font Info:    Overwriting symbol font `pureletters' in version `bold'
(Font)                  OT1/mathkerncmss/m/sl --> OT1/mathkerncmss/bx/sl on inp
ut line 9.

(/data/data/com.termux/files/usr/share/texlive/2025/texmf-dist/tex/latex/transl
ator/translator-basic-dictionary-English.dict
Dictionary: translator-basic-dictionary, Language: English 
)
(/data/data/com.termux/files/usr/share/texlive/2025/texmf-dist/tex/latex/transl
ator/translator-bibliography-dictionary-English.dict
Dictionary: translator-bibliography-dictionary, Language: English 
)
(/data/data/com.termux/files/usr/share/texlive/2025/texmf-dist/tex/latex/transl
ator/translator-environment-dictionary-English.dict
Dictionary: translator-environment-dictionary, Language: English 
)
(/data/data/com.termux/files/usr/share/texlive/2025/texmf-dist/tex/latex/transl
ator/translator-months-dictionary-English.dict
Dictionary: translator-months-dictionary, Language: English 
)
(/data/data/com.termux/files/usr/share/texlive/2025/texmf-dist/tex/latex/transl
ator/translator-numbers-dictionary-English.dict
Dictionary: translator-numbers-dictionary, Language: English 
)
(/data/data/com.termux/files/usr/share/texlive/2025/texmf-dist/tex/latex/transl
ator/translator-theorem-dictionary-English.dict
Dictionary: translator-theorem-dictionary, Language: English 
)
\c@lstlisting=\count447
LaTeX Info: Redefining \celsius on input line 9.
Package gensymb Info: Faking symbols for \degree and \celsius on input line 9.


Package gensymb Warning: Not defining \perthousand.

LaTeX Info: Redefining \ohm on input line 9.
Package gensymb Info: Using \Omega for \ohm on input line 9.

Package gensymb Warning: Not defining \micro.

(./main.nav)

[1
Non-PDF special ignored!
<special> header=pstricks.pro
Non-PDF special ignored!
<special> header=pst-algparser.pro
Non-PDF special ignored!
<special> header=pst-tools.pro
Non-PDF special ignored!
<special> header=pst-dots.pro
Non-PDF special ignored!
<special> header=pst-grad.pro

Non-PDF special ignored!
<special> ps: /pssetRGBcolor /setrgbcolor load def /pssetCMYKcolor /setcmyk...
Non-PDF special ignored!
<special> ps:tx@Dict begin  gsave STV CP T /ps@rot 0 def grestore  end
Non-PDF special ignored!
<special> ps:tx@Dict begin  gsave STV CP T /ps@refangle 0.  def grestore  e...
{/data/data/com.termux/files/usr/share/texlive/2025/texmf-var/fonts/map/pdftex/
updmap/pdftex.map}]
LaTeX Font Info:    Trying to load font information for U+msa on input line 16.


(/data/data/com.termux/files/usr/share/texlive/2025/texmf-dist/tex/latex/amsfon
ts/umsa.fd
File: umsa.fd 2013/01/14 v3.01 AMS symbols A
)
LaTeX Font Info:    Trying to load font information for U+msb on input line 16.


(/data/data/com.termux/files/usr/share/texlive/2025/texmf-dist/tex/latex/amsfon
ts/umsb.fd
File: umsb.fd 2013/01/14 v3.01 AMS symbols B
)
LaTeX Font Info:    Trying to load font information for OT1+mathkerncmss on inp
ut line 16.

(/data/data/com.termux/files/usr/share/texlive/2025/texmf-dist/tex/latex/sansma
thaccent/ot1mathkerncmss.fd
File: ot1mathkerncmss.fd 2020/01/31 Fontinst v1.933 font definitions for OT1/ma
thkerncmss.
)
LaTeX Font Info:    Trying to load font information for U+lasy on input line 16
.

(/data/data/com.termux/files/usr/share/texlive/2025/texmf-dist/tex/latex/base/u
lasy.fd
File: ulasy.fd 1998/08/17 v2.2e LaTeX symbol font definitions
)
LaTeX Font Info:    Trying to load font information for U+rsfs on input line 16
.

(/data/data/com.termux/files/usr/share/texlive/2025/texmf-dist/tex/latex/jknapl
tx/ursfs.fd
File: ursfs.fd 1998/03/24 rsfs font definition file (jk)
)
LaTeX Font Info:    Freeze math alphabet allocation in version normal.
(Font)              Allocated math groups: 14 (local: 2) on input line 16.
LaTeX Font Info:    Font shape `OT1/cmss/b/n' in size <10.95> not available
(Font)              Font shape `OT1/cmss/bx/n' tried instead on input line 16.
LaTeX Font Info:    Font shape `OT1/cmss/b/n' in size <8> not available
(Font)              Font shape `OT1/cmss/bx/n' tried instead on input line 16.
LaTeX Font Info:    Font shape `OT1/cmss/b/n' in size <6> not available
(Font)              Font shape `OT1/cmss/bx/n' tried instead on input line 16.
LaTeX Font Info:    Nested math: keeping math alphabet allocation in version no
rmal on input line 16.
LaTeX Font Info:    Nested math: keeping math alphabet allocation in version no
rmal on input line 16.
LaTeX Font Info:    Undo math alphabet allocation in version normal on input li
ne 16.


[2

]
LaTeX Font Info:    Undo math alphabet allocation in version normal on input li
ne 31.
LaTeX Font Info:    No math alphabet change to frozen version normal on input l
ine 31.
LaTeX Font Info:    Undo math alphabet allocation in version normal on input li
ne 31.
LaTeX Font Info:    Undo math alphabet allocation in version normal on input li
ne 31.
LaTeX Font Info:    Nested math: keeping math alphabet allocation in version no
rmal on input line 31.
LaTeX Font Info:    Nested math: keeping math alphabet allocation in version no
rmal on input line 31.
LaTeX Font Info:    Nested math: keeping math alphabet allocation in version no
rmal on input line 31.
LaTeX Font Info:    Nested math: keeping math alphabet allocation in version no
rmal on input line 31.
LaTeX Font Info:    Nested math: keeping math alphabet allocation in version no
rmal on input line 31.
LaTeX Font Info:    Undo math alphabet allocation in version normal on input li
ne 31.
LaTeX Font Info:    Undo math alphabet allocation in version normal on input li
ne 31.
LaTeX Font Info:    Undo math alphabet allocation in version normal on input li
ne 31.
LaTeX Font Info:    No math alphabet change to frozen version normal on input l
ine 31.
LaTeX Font Info:    Undo math alphabet allocation in version normal on input li
ne 31.
LaTeX Font Info:    Nested math: keeping math alphabet allocation in version no
rmal on input line 31.
LaTeX Font Info:    Nested math: keeping math alphabet allocation in version no
rmal on input line 31.
LaTeX Font Info:    Nested math: keeping math alphabet allocation in version no
rmal on input line 31.
LaTeX Font Info:    Nested math: keeping math alphabet allocation in version no
rmal on input line 31.
LaTeX Font Info:    Nested math: keeping math alphabet allocation in version no
rmal on input line 31.
LaTeX Font Info:    Nested math: keeping math alphabet allocation in version no
rmal on input line 31.
LaTeX Font Info:    Nested math: keeping math alphabet allocation in version no
rmal on input line 31.
LaTeX Font Info:    Nested math: keeping math alphabet allocation in version no
rmal on input line 31.
LaTeX Font Info:    Nested math: keeping math alphabet allocation in version no
rmal on input line 31.
LaTeX Font Info:    Nested math: keeping math alphabet allocation in version no
rmal on input line 31.
LaTeX Font Info:    Nested math: keeping math alphabet allocation in version no
rmal on input line 31.
LaTeX Font Info:    Nested math: keeping math alphabet allocation in version no
rmal on input line 31.
LaTeX Font Info:    Nested math: keeping math alphabet allocation in version no
rmal on input line 31.
LaTeX Font Info:    Nested math: keeping math alphabet allocation in version no
rmal on input line 31.
LaTeX Font Info:    Nested math: keeping math alphabet allocation in version no
rmal on input line 31.
LaTeX Font Info:    Nested math: keeping math alphabet allocation in version no
rmal on input line 31.
LaTeX Font Info:    Nested math: keeping math alphabet allocation in version no
rmal on input line 31.
LaTeX Font Info:    Nested math: keeping math alphabet allocation in version no
rmal on input line 31.
LaTeX Font Info:    Nested math: keeping math alphabet allocation in version no
rmal on input line 31.
LaTeX Font Info:    Nested math: keeping math alphabet allocation in version no
rmal on input line 31.
LaTeX Font Info:    Nested math: keeping math alphabet allocation in version no
rmal on input line 31.
LaTeX Font Info:    Nested math: keeping math alphabet allocation in version no
rmal on input line 31.
LaTeX Font Info:    No math alphabet change to frozen version normal on input l
ine 31.


[3

]
\tf@nav=\write6
\openout6 = `main.nav'.

\tf@toc=\write7
\openout7 = `main.toc'.

\tf@snm=\write8
\openout8 = `main.snm'.

 (./main.aux)
 ***********
LaTeX2e <2025-06-01> patch level 1
L3 programming layer <2020/03/25>
 ***********
Package rerunfilecheck Info: File `main.out' has not changed.
(rerunfilecheck)             Checksum: D41D8CD98F00B204E9800998ECF8427E;0.
 ) 
Here is how much of TeX's memory you used:
 35922 strings out of 467801
 750388 string characters out of 5417842
 1224975 words of memory out of 5000000
 63661 multiletter control sequences out of 15000+600000
 640202 words of font info for 85 fonts, out of 8000000 for 9000
 1141 hyphenation exceptions out of 8191
 128i,16n,123p,1152b,573s stack positions out of 10000i,1000n,20000p,200000b,200000s
</data/data/com.termux/files/usr/share/texlive/2025/texmf-dist/fonts/type1/pu
blic/amsfonts/cm/cmex10.pfb></data/data/com.termux/files/usr/share/texlive/2025
/texmf-dist/fonts/type1/public/amsfonts/cm/cmss10.pfb></data/data/com.termux/fi
les/usr/share/texlive/2025/texmf-dist/fonts/type1/public/amsfonts/cm/cmss12.pfb
></data/data/com.termux/files/usr/share/texlive/2025/texmf-dist/fonts/type1/pub
lic/amsfonts/cm/cmss8.pfb></data/data/com.termux/files/usr/share/texlive/2025/t
exmf-dist/fonts/type1/public/amsfonts/cm/cmssbx10.pfb></data/data/com.termux/fi
les/usr/share/texlive/2025/texmf-dist/fonts/type1/public/amsfonts/cm/cmssi10.pf
b></data/data/com.termux/files/usr/share/texlive/2025/texmf-dist/fonts/type1/pu
blic/amsfonts/cm/cmsy10.pfb></data/data/com.termux/files/usr/share/texlive/2025
/texmf-dist/fonts/type1/public/amsfonts/cm/cmsy8.pfb></data/data/com.termux/fil
es/usr/share/texlive/2025/texmf-dist/fonts/type1/public/amsfonts/symbols/msam10
.pfb>
Output written on main.pdf (3 pages, 87894 bytes).
PDF statistics:
 141 PDF objects out of 1000 (max. 8388607)
 110 compressed objects within 2 object streams
 7 named destinations out of 1000 (max. 500000)
 43 words of extra memory for PDF output out of 10000 (max. 10000000)

