chktex exit: 0
Rc files read:
  /usr/local/share/latexmk/LatexMk
Latexmk: This is Latexmk, John Collins, 27 Dec. 2024. Version 4.86a.
Latexmk: Changing directory to '/compile/beamer/'
Force *latex to be remade.
------------
Running 'internal overleaf_pre_process "b.tex" "/compile/output.pdf"'
------------
Latexmk: calling overleaf_pre_process( "b.tex" "/compile/output.pdf" )
Latexmk: applying rule 'pdflatex'...
Rule 'pdflatex':  Reasons for rerun
Category 'other':
  Rerun of 'pdflatex' forced or previously required:
    Reason or flag: 'go_mode=3'

------------
Run number 1 of rule 'pdflatex'
------------
------------
Running 'pdflatex  -synctex=1 -interaction=batchmode -recorder --jobname="output" -output-directory="/compile"  "b.tex"'
------------
This is pdfTeX, Version 3.141592653-2.6-1.40.27 (TeX Live 2025) (preloaded format=pdflatex)
 \write18 enabled.
entering extended mode
Latexmk: Getting log file '/compile/output.log'
Latexmk: Examining '/compile/output.fls'
Latexmk: Examining '/compile/output.log'
Latexmk: Log file says output to '/compile/output.pdf'
Latexmk: All targets (/compile/output.pdf) are up-to-date
------------
Running 'internal overleaf_post_process "b.tex" "/compile/output.pdf"'
------------
Latexmk: calling overleaf_post_process( "b.tex" "/compile/output.pdf" )
qpdf exit code=0
Renaming optimised file to /compile/output.pdf
Extracting xref table for /compile/output.pdf
qpdf --show-xref exit code=0
Latexmk: Undoing directory change

